mode: set
grpc-practice/internal/server/config/config.go:15.44,18.16 3 1
grpc-practice/internal/server/config/config.go:21.2,21.19 1 1
grpc-practice/internal/server/config/config.go:18.16,20.3 1 0
grpc-practice/internal/server/config/config.go:28.36,31.16 3 1
grpc-practice/internal/server/config/config.go:34.2,34.18 1 1
grpc-practice/internal/server/config/config.go:31.16,33.3 1 0
grpc-practice/internal/server/config/config.go:42.19,44.16 2 0
grpc-practice/internal/server/config/config.go:47.2,47.12 1 0
grpc-practice/internal/server/config/config.go:44.16,46.3 1 0
grpc-practice/internal/server/config/config.go:50.30,53.16 2 1
grpc-practice/internal/server/config/config.go:57.2,58.16 2 1
grpc-practice/internal/server/config/config.go:62.2,65.8 1 1
grpc-practice/internal/server/config/config.go:53.16,55.3 1 0
grpc-practice/internal/server/config/config.go:58.16,60.3 1 0
grpc-practice/internal/server/services/services.go:22.52,26.2 1 1
grpc-practice/internal/server/services/services.go:28.44,30.16 2 0
grpc-practice/internal/server/services/services.go:33.2,33.43 1 0
grpc-practice/internal/server/services/services.go:30.16,32.3 1 0
grpc-practice/internal/server/services/services.go:36.101,42.29 5 1
grpc-practice/internal/server/services/services.go:46.2,46.47 1 1
grpc-practice/internal/server/services/services.go:50.2,50.47 1 1
grpc-practice/internal/server/services/services.go:54.2,55.16 2 1
grpc-practice/internal/server/services/services.go:59.2,60.29 2 1
grpc-practice/internal/server/services/services.go:63.2,63.20 1 1
grpc-practice/internal/server/services/services.go:42.29,44.3 1 0
grpc-practice/internal/server/services/services.go:46.47,48.3 1 0
grpc-practice/internal/server/services/services.go:50.47,52.3 1 1
grpc-practice/internal/server/services/services.go:55.16,57.3 1 0
grpc-practice/internal/server/services/services.go:60.29,62.3 1 1
grpc-practice/internal/server/server/server.go:30.89,36.2 1 1
grpc-practice/internal/server/server/server.go:38.34,40.16 2 0
grpc-practice/internal/server/server/server.go:44.2,46.46 3 0
grpc-practice/internal/server/server/server.go:49.2,49.12 1 0
grpc-practice/internal/server/server/server.go:40.16,42.3 1 0
grpc-practice/internal/server/server/server.go:46.46,48.3 1 0
grpc-practice/internal/server/server/server.go:52.100,54.16 2 1
grpc-practice/internal/server/server/server.go:57.2,57.34 1 1
grpc-practice/internal/server/server/server.go:54.16,56.3 1 1
grpc-practice/internal/server/server/server.go:60.105,67.16 2 1
grpc-practice/internal/server/server/server.go:71.2,71.53 1 1
grpc-practice/internal/server/server/server.go:67.16,69.3 1 0
